<?xml version="1.0" encoding="UTF-8"?>
<!-- Generated by org.testng.reporters.JUnitReportReporter -->
<testsuite hostname="LIN-5CG2181YX2" failures="0" tests="1" name="testcases.NewTest" time="4.860" errors="0" timestamp="11 Mar 2024 11:22:59 GMT">
  <testcase classname="testcases.NewTest" name="f" time="4.860"/>
</testsuite> <!-- testcases.NewTest -->
